03-26-2019 @ 00:43:41 - Requesting session ID...
03-26-2019 @ 00:43:41 - Session Response: Array
(
    [headers] => Requests_Utility_CaseInsensitiveDictionary Object
        (
            [data:protected] => Array
                (
                    [date] => Tue, 26 Mar 2019 03:43:57 GMT
                    [server] => Apache-Coyote/1.1
                    [content-type] => text/plain;charset=ISO-8859-1
                    [content-length] => 12
                    [vary] => User-Agent
                    [access-control-allow-origin] => https://dev.pagseguro.uol.com.br
                    [access-control-allow-methods] => POST, GET, OPTIONS
                    [access-control-allow-headers] => Content-Type, origin, accept
                )

        )

    [body] => Unauthorized
    [response] => Array
        (
            [code] => 401
            [message] => Unauthorized
        )

    [cookies] => Array
        (
        )

    [filename] => 
    [http_response] => WP_HTTP_Requests_Response Object
        (
            [response:protected] => Requests_Response Object
                (
                    [body] => Unauthorized
                    [raw] => HTTP/1.1 401 Unauthorized
Date: Tue, 26 Mar 2019 03:43:57 GMT
Server: Apache-Coyote/1.1
Content-Type: text/plain;charset=ISO-8859-1
Content-Length: 12
Vary: User-Agent
Access-Control-Allow-Origin: https://dev.pagseguro.uol.com.br
Access-Control-Allow-Methods: POST, GET, OPTIONS
Access-Control-Allow-Headers: Content-Type, origin, accept
Connection: close

Unauthorized
                    [headers] => Requests_Response_Headers Object
                        (
                            [data:protected] => Array
                                (
                                    [date] => Array
                                        (
                                            [0] => Tue, 26 Mar 2019 03:43:57 GMT
                                        )

                                    [server] => Array
                                        (
                                            [0] => Apache-Coyote/1.1
                                        )

                                    [content-type] => Array
                                        (
                                            [0] => text/plain;charset=ISO-8859-1
                                        )

                                    [content-length] => Array
                                        (
                                            [0] => 12
                                        )

                                    [vary] => Array
                                        (
                                            [0] => User-Agent
                                        )

                                    [access-control-allow-origin] => Array
                                        (
                                            [0] => https://dev.pagseguro.uol.com.br
                                        )

                                    [access-control-allow-methods] => Array
                                        (
                                            [0] => POST, GET, OPTIONS
                                        )

                                    [access-control-allow-headers] => Array
                                        (
                                            [0] => Content-Type, origin, accept
                                        )

                                )

                        )

                    [status_code] => 401
                    [protocol_version] => 1.1
                    [success] => 
                    [redirects] => 0
                    [url] => https://ws.sandbox.pagseguro.uol.com.br/v2/sessions?email=hcicarelli@gmail.com&token=5C766C881F494306BBC42B4E9D35D3DD
                    [history] => Array
                        (
                        )

                    [cookies] => Requests_Cookie_Jar Object
                        (
                            [cookies:protected] => Array
                                (
                                )

                        )

                )

            [filename:protected] => 
            [data] => 
            [headers] => 
            [status] => 
        )

)

03-26-2019 @ 00:43:51 - Requesting token for order 9085 with the following data: <?xml version="1.0" encoding="UTF-8" standalone="yes"?>
<checkout>
  <currency>BRL</currency>
  <reference><![CDATA[WC-9085]]></reference>
  <sender>
    <email><![CDATA[hcicarelli@gmail.com]]></email>
    <name><![CDATA[Hugo Cicarelli]]></name>
    <phone>
      <areaCode>14</areaCode>
      <number>99999999</number>
    </phone>
  </sender>
  <shipping>
    <type>3</type>
    <address>
      <street><![CDATA[Rua Professor Gérson Rodrigues]]></street>
      <complement><![CDATA[2-18]]></complement>
      <postalCode>17012535</postalCode>
      <city><![CDATA[Bauru]]></city>
      <state>SP</state>
      <country>BRA</country>
    </address>
    <cost>0</cost>
  </shipping>
  <items>
    <item>
      <id>1</id>
      <description><![CDATA[Maiô/Body Isabela]]></description>
      <amount>42.00</amount>
      <quantity>1</quantity>
    </item>
  </items>
  <redirectURL><![CDATA[http://localhost/chica-brasil/checkout/order-received/9085/?key=wc_order_sxQYjNr8gCBiZ]]></redirectURL>
  <notificationURL><![CDATA[http://localhost/chica-brasil/wc-api/WC_PagSeguro_Gateway/]]></notificationURL>
  <maxUses>1</maxUses>
  <maxAge>120</maxAge>
</checkout>

03-26-2019 @ 00:43:51 - Invalid token and/or email settings!
03-26-2019 @ 00:53:05 - Requesting session ID...
03-26-2019 @ 00:53:05 - PagSeguro session is valid! The return is: SimpleXMLElement Object
(
    [id] => ef55071c8b2c41e0bfe3d111810dfed9
)

